2021-06-05 08:40:17,236 [Worker-3] INFO  c.g.t.t.d.PublishedGradleVersions - Gradle version information cache is up-to-date. Trying to read.
2021-06-05 08:40:56,880 [Worker-15] INFO  o.e.m.c.i.l.LifecycleMappingFactory - Using org.eclipse.m2e.jdt.JarLifecycleMapping lifecycle mapping for MavenProject: LPI_Semana11:LPI_Semana11:0.0.1-SNAPSHOT @ D:\TERCER_CICLO_CURSOS\LENGUAJE_PROG\LPI_Semana11_inicio\LPI_Semana11\pom.xml.
2021-06-05 08:41:01,487 [Worker-11] WARN  o.e.m.c.i.embedder.EclipseLogger - Using platform encoding (Cp1252 actually) to copy filtered resources, i.e. build is platform dependent!
2021-06-05 08:41:01,503 [Worker-11] INFO  o.e.m.c.i.embedder.EclipseLogger - Copying 6 resources
2021-06-05 08:41:01,996 [Worker-11] WARN  o.e.m.c.i.embedder.EclipseLogger - Using platform encoding (Cp1252 actually) to copy filtered resources, i.e. build is platform dependent!
2021-06-05 08:41:01,997 [Worker-11] INFO  o.e.m.c.i.embedder.EclipseLogger - skip non existing resourceDirectory D:\TERCER_CICLO_CURSOS\LENGUAJE_PROG\LPI_Semana11_inicio\LPI_Semana11\src\test\resources
2021-06-05 08:41:16,013 [Worker-6] WARN  o.e.m.c.i.embedder.EclipseLogger - Using platform encoding (Cp1252 actually) to copy filtered resources, i.e. build is platform dependent!
2021-06-05 08:41:16,015 [Worker-6] INFO  o.e.m.c.i.embedder.EclipseLogger - Copying 0 resource
2021-06-05 08:41:16,016 [Worker-6] WARN  o.e.m.c.i.embedder.EclipseLogger - Using platform encoding (Cp1252 actually) to copy filtered resources, i.e. build is platform dependent!
2021-06-05 08:41:16,017 [Worker-6] INFO  o.e.m.c.i.embedder.EclipseLogger - skip non existing resourceDirectory D:\TERCER_CICLO_CURSOS\LENGUAJE_PROG\LPI_Semana11_inicio\LPI_Semana11\src\test\resources
2021-06-05 08:41:42,605 [Worker-10] WARN  o.e.m.c.i.embedder.EclipseLogger - Using platform encoding (Cp1252 actually) to copy filtered resources, i.e. build is platform dependent!
2021-06-05 08:41:42,607 [Worker-10] INFO  o.e.m.c.i.embedder.EclipseLogger - Copying 0 resource
2021-06-05 08:41:42,608 [Worker-10] WARN  o.e.m.c.i.embedder.EclipseLogger - Using platform encoding (Cp1252 actually) to copy filtered resources, i.e. build is platform dependent!
2021-06-05 08:41:42,609 [Worker-10] INFO  o.e.m.c.i.embedder.EclipseLogger - skip non existing resourceDirectory D:\TERCER_CICLO_CURSOS\LENGUAJE_PROG\LPI_Semana11_inicio\LPI_Semana11\src\test\resources
2021-06-05 08:47:55,071 [Worker-20] WARN  o.e.m.c.i.embedder.EclipseLogger - Using platform encoding (Cp1252 actually) to copy filtered resources, i.e. build is platform dependent!
2021-06-05 08:47:55,072 [Worker-20] INFO  o.e.m.c.i.embedder.EclipseLogger - Copying 0 resource
2021-06-05 08:47:55,073 [Worker-20] WARN  o.e.m.c.i.embedder.EclipseLogger - Using platform encoding (Cp1252 actually) to copy filtered resources, i.e. build is platform dependent!
2021-06-05 08:47:55,073 [Worker-20] INFO  o.e.m.c.i.embedder.EclipseLogger - skip non existing resourceDirectory D:\TERCER_CICLO_CURSOS\LENGUAJE_PROG\LPI_Semana11_inicio\LPI_Semana11\src\test\resources
2021-06-05 08:49:13,684 [Worker-6] INFO  o.e.m.c.i.p.ProjectConfigurationManager - Update started
2021-06-05 08:49:14,227 [Worker-6] INFO  o.e.m.c.i.l.LifecycleMappingFactory - Using org.eclipse.m2e.jdt.JarLifecycleMapping lifecycle mapping for MavenProject: LPI_Semana11:LPI_Semana11:0.0.1-SNAPSHOT @ D:\TERCER_CICLO_CURSOS\LENGUAJE_PROG\LPI_Semana11_inicio\LPI_Semana11\pom.xml.
2021-06-05 08:49:16,065 [Worker-6] INFO  o.e.m.c.i.e.AbstractTransferListenerAdapter - Downloading https://repo.maven.apache.org/maven2/eclipse/jdtcore/3.1.0/jdtcore-3.1.0.jar
2021-06-05 08:49:17,233 [Worker-6] INFO  o.e.m.c.i.e.AbstractTransferListenerAdapter - Downloaded https://repo.maven.apache.org/maven2/eclipse/jdtcore/3.1.0/jdtcore-3.1.0.jar
2021-06-05 08:49:17,841 [Worker-6] INFO  o.e.m.j.i.AbstractJavaProjectConfigurator - Adding source folder /LPI_Semana11/src
2021-06-05 08:49:17,841 [Worker-6] INFO  o.e.m.j.i.AbstractJavaProjectConfigurator - Resources folder /LPI_Semana11/src overlaps with sources folder /LPI_Semana11/src
2021-06-05 08:49:17,842 [Worker-6] INFO  o.e.m.j.i.AbstractJavaProjectConfigurator - Not adding source folder /LPI_Semana11/src/test/java because it overlaps with /LPI_Semana11/src
2021-06-05 08:49:18,050 [Worker-6] INFO  o.e.m.c.i.p.ProjectConfigurationManager - Update completed: 4 sec
2021-06-05 08:49:18,485 [Worker-22] WARN  o.e.m.c.i.embedder.EclipseLogger - Using platform encoding (Cp1252 actually) to copy filtered resources, i.e. build is platform dependent!
2021-06-05 08:49:18,487 [Worker-22] INFO  o.e.m.c.i.embedder.EclipseLogger - Copying 6 resources
2021-06-05 08:49:18,502 [Worker-22] WARN  o.e.m.c.i.embedder.EclipseLogger - Using platform encoding (Cp1252 actually) to copy filtered resources, i.e. build is platform dependent!
2021-06-05 08:49:18,503 [Worker-22] INFO  o.e.m.c.i.embedder.EclipseLogger - skip non existing resourceDirectory D:\TERCER_CICLO_CURSOS\LENGUAJE_PROG\LPI_Semana11_inicio\LPI_Semana11\src\test\resources
2021-06-05 08:49:19,328 [Worker-21] INFO  o.e.m.c.i.p.ProjectConfigurationManager - Update started
2021-06-05 08:49:19,659 [Worker-21] INFO  o.e.m.c.i.l.LifecycleMappingFactory - Using org.eclipse.m2e.jdt.JarLifecycleMapping lifecycle mapping for MavenProject: LPI_Semana11:LPI_Semana11:0.0.1-SNAPSHOT @ D:\TERCER_CICLO_CURSOS\LENGUAJE_PROG\LPI_Semana11_inicio\LPI_Semana11\pom.xml.
2021-06-05 08:49:19,892 [Worker-21] INFO  o.e.m.j.i.AbstractJavaProjectConfigurator - Adding source folder /LPI_Semana11/src
2021-06-05 08:49:19,892 [Worker-21] INFO  o.e.m.j.i.AbstractJavaProjectConfigurator - Resources folder /LPI_Semana11/src overlaps with sources folder /LPI_Semana11/src
2021-06-05 08:49:19,893 [Worker-21] INFO  o.e.m.j.i.AbstractJavaProjectConfigurator - Not adding source folder /LPI_Semana11/src/test/java because it overlaps with /LPI_Semana11/src
2021-06-05 08:49:19,997 [Worker-21] INFO  o.e.m.c.i.p.ProjectConfigurationManager - Update completed: 0 sec
2021-06-05 08:49:20,356 [Worker-23] WARN  o.e.m.c.i.embedder.EclipseLogger - Using platform encoding (Cp1252 actually) to copy filtered resources, i.e. build is platform dependent!
2021-06-05 08:49:20,358 [Worker-23] INFO  o.e.m.c.i.embedder.EclipseLogger - Copying 6 resources
2021-06-05 08:49:20,377 [Worker-23] WARN  o.e.m.c.i.embedder.EclipseLogger - Using platform encoding (Cp1252 actually) to copy filtered resources, i.e. build is platform dependent!
2021-06-05 08:49:20,378 [Worker-23] INFO  o.e.m.c.i.embedder.EclipseLogger - skip non existing resourceDirectory D:\TERCER_CICLO_CURSOS\LENGUAJE_PROG\LPI_Semana11_inicio\LPI_Semana11\src\test\resources
2021-06-05 08:56:40,033 [Worker-25] WARN  o.e.m.c.i.embedder.EclipseLogger - Using platform encoding (Cp1252 actually) to copy filtered resources, i.e. build is platform dependent!
2021-06-05 08:56:40,040 [Worker-25] INFO  o.e.m.c.i.embedder.EclipseLogger - Copying 6 resources
2021-06-05 08:56:40,041 [Worker-25] WARN  o.e.m.c.i.embedder.EclipseLogger - Using platform encoding (Cp1252 actually) to copy filtered resources, i.e. build is platform dependent!
2021-06-05 08:56:40,042 [Worker-25] INFO  o.e.m.c.i.embedder.EclipseLogger - skip non existing resourceDirectory D:\TERCER_CICLO_CURSOS\LENGUAJE_PROG\LPI_Semana11_inicio\LPI_Semana11\src\test\resources
2021-06-05 08:58:08,676 [Worker-26] WARN  o.e.m.c.i.embedder.EclipseLogger - Using platform encoding (Cp1252 actually) to copy filtered resources, i.e. build is platform dependent!
2021-06-05 08:58:08,678 [Worker-26] INFO  o.e.m.c.i.embedder.EclipseLogger - Copying 6 resources
2021-06-05 08:58:08,680 [Worker-26] WARN  o.e.m.c.i.embedder.EclipseLogger - Using platform encoding (Cp1252 actually) to copy filtered resources, i.e. build is platform dependent!
2021-06-05 08:58:08,681 [Worker-26] INFO  o.e.m.c.i.embedder.EclipseLogger - skip non existing resourceDirectory D:\TERCER_CICLO_CURSOS\LENGUAJE_PROG\LPI_Semana11_inicio\LPI_Semana11\src\test\resources
2021-06-05 08:58:20,424 [Worker-25] WARN  o.e.r.models.ModelRepository - Failed to download org.eclipse.recommenders:index::zip:0.0.0
org.eclipse.aether.resolution.ArtifactResolutionException: Could not find artifact org.eclipse.recommenders:index:zip:0.0.0-SNAPSHOT in models (http://download.eclipse.org/recommenders/models/oxygen/)
	at org.eclipse.aether.internal.impl.DefaultArtifactResolver.resolve(DefaultArtifactResolver.java:453) ~[na:na]
	at org.eclipse.aether.internal.impl.DefaultArtifactResolver.resolveArtifacts(DefaultArtifactResolver.java:255) ~[na:na]
	at org.eclipse.aether.internal.impl.DefaultArtifactResolver.resolveArtifact(DefaultArtifactResolver.java:232) ~[na:na]
	at org.eclipse.aether.internal.impl.DefaultRepositorySystem.resolveArtifact(DefaultRepositorySystem.java:303) ~[na:na]
	at org.eclipse.recommenders.models.ModelRepository.resolveInternal(ModelRepository.java:193) [org.eclipse.recommenders.models_2.5.2.v20180401-1226.jar:na]
	at org.eclipse.recommenders.models.ModelRepository.resolve(ModelRepository.java:172) [org.eclipse.recommenders.models_2.5.2.v20180401-1226.jar:na]
	at org.eclipse.recommenders.internal.models.rcp.EclipseModelRepository.resolve(EclipseModelRepository.java:168) [org.eclipse.recommenders.models.rcp_2.5.2.v20180401-1226.jar:na]
	at org.eclipse.recommenders.internal.models.rcp.DownloadModelArchiveJob.run(DownloadModelArchiveJob.java:76) [org.eclipse.recommenders.models.rcp_2.5.2.v20180401-1226.jar:na]
	at org.eclipse.core.internal.jobs.Worker.run(Worker.java:56) [org.eclipse.core.jobs_3.9.3.v20180115-1757.jar:na]
Caused by: org.eclipse.aether.transfer.ArtifactNotFoundException: Could not find artifact org.eclipse.recommenders:index:zip:0.0.0-SNAPSHOT in models (http://download.eclipse.org/recommenders/models/oxygen/)
	at org.eclipse.aether.connector.basic.ArtifactTransportListener.transferFailed(ArtifactTransportListener.java:48) ~[org.apache.maven.resolver.connector.basic_1.0.3.v20170405-0725.jar:1.0.3]
	at org.eclipse.aether.connector.basic.BasicRepositoryConnector$TaskRunner.run(BasicRepositoryConnector.java:364) ~[org.apache.maven.resolver.connector.basic_1.0.3.v20170405-0725.jar:1.0.3]
	at org.eclipse.aether.util.concurrency.RunnableErrorForwarder$1.run(RunnableErrorForwarder.java:76) ~[na:na]
	at org.eclipse.aether.connector.basic.BasicRepositoryConnector$DirectExecutor.execute(BasicRepositoryConnector.java:590) ~[org.apache.maven.resolver.connector.basic_1.0.3.v20170405-0725.jar:1.0.3]
	at org.eclipse.aether.connector.basic.BasicRepositoryConnector.get(BasicRepositoryConnector.java:258) ~[org.apache.maven.resolver.connector.basic_1.0.3.v20170405-0725.jar:1.0.3]
	at org.eclipse.aether.internal.impl.DefaultArtifactResolver.performDownloads(DefaultArtifactResolver.java:529) ~[na:na]
	at org.eclipse.aether.internal.impl.DefaultArtifactResolver.resolve(DefaultArtifactResolver.java:430) ~[na:na]
	... 8 common frames omitted
2021-06-05 08:58:57,846 [Worker-27] WARN  o.e.m.c.i.embedder.EclipseLogger - Using platform encoding (Cp1252 actually) to copy filtered resources, i.e. build is platform dependent!
2021-06-05 08:58:57,848 [Worker-27] INFO  o.e.m.c.i.embedder.EclipseLogger - Copying 6 resources
2021-06-05 08:58:57,851 [Worker-27] WARN  o.e.m.c.i.embedder.EclipseLogger - Using platform encoding (Cp1252 actually) to copy filtered resources, i.e. build is platform dependent!
2021-06-05 08:58:57,852 [Worker-27] INFO  o.e.m.c.i.embedder.EclipseLogger - skip non existing resourceDirectory D:\TERCER_CICLO_CURSOS\LENGUAJE_PROG\LPI_Semana11_inicio\LPI_Semana11\src\test\resources
2021-06-05 09:01:10,700 [Worker-29] WARN  o.e.m.c.i.embedder.EclipseLogger - Using platform encoding (Cp1252 actually) to copy filtered resources, i.e. build is platform dependent!
2021-06-05 09:01:10,701 [Worker-29] INFO  o.e.m.c.i.embedder.EclipseLogger - Copying 6 resources
2021-06-05 09:01:10,703 [Worker-29] WARN  o.e.m.c.i.embedder.EclipseLogger - Using platform encoding (Cp1252 actually) to copy filtered resources, i.e. build is platform dependent!
2021-06-05 09:01:10,705 [Worker-29] INFO  o.e.m.c.i.embedder.EclipseLogger - skip non existing resourceDirectory D:\TERCER_CICLO_CURSOS\LENGUAJE_PROG\LPI_Semana11_inicio\LPI_Semana11\src\test\resources
2021-06-05 09:03:35,107 [Worker-29] WARN  o.e.m.c.i.embedder.EclipseLogger - Using platform encoding (Cp1252 actually) to copy filtered resources, i.e. build is platform dependent!
2021-06-05 09:03:35,109 [Worker-29] INFO  o.e.m.c.i.embedder.EclipseLogger - Copying 6 resources
2021-06-05 09:03:35,110 [Worker-29] WARN  o.e.m.c.i.embedder.EclipseLogger - Using platform encoding (Cp1252 actually) to copy filtered resources, i.e. build is platform dependent!
2021-06-05 09:03:35,111 [Worker-29] INFO  o.e.m.c.i.embedder.EclipseLogger - skip non existing resourceDirectory D:\TERCER_CICLO_CURSOS\LENGUAJE_PROG\LPI_Semana11_inicio\LPI_Semana11\src\test\resources
2021-06-05 09:04:05,576 [Worker-29] WARN  o.e.m.c.i.embedder.EclipseLogger - Using platform encoding (Cp1252 actually) to copy filtered resources, i.e. build is platform dependent!
2021-06-05 09:04:05,578 [Worker-29] INFO  o.e.m.c.i.embedder.EclipseLogger - Copying 6 resources
2021-06-05 09:04:05,579 [Worker-29] WARN  o.e.m.c.i.embedder.EclipseLogger - Using platform encoding (Cp1252 actually) to copy filtered resources, i.e. build is platform dependent!
2021-06-05 09:04:05,580 [Worker-29] INFO  o.e.m.c.i.embedder.EclipseLogger - skip non existing resourceDirectory D:\TERCER_CICLO_CURSOS\LENGUAJE_PROG\LPI_Semana11_inicio\LPI_Semana11\src\test\resources
2021-06-05 09:05:06,093 [Worker-31] WARN  o.e.m.c.i.embedder.EclipseLogger - Using platform encoding (Cp1252 actually) to copy filtered resources, i.e. build is platform dependent!
2021-06-05 09:05:06,095 [Worker-31] INFO  o.e.m.c.i.embedder.EclipseLogger - Copying 6 resources
2021-06-05 09:05:06,098 [Worker-31] WARN  o.e.m.c.i.embedder.EclipseLogger - Using platform encoding (Cp1252 actually) to copy filtered resources, i.e. build is platform dependent!
2021-06-05 09:05:06,099 [Worker-31] INFO  o.e.m.c.i.embedder.EclipseLogger - skip non existing resourceDirectory D:\TERCER_CICLO_CURSOS\LENGUAJE_PROG\LPI_Semana11_inicio\LPI_Semana11\src\test\resources
2021-06-05 09:05:28,303 [Worker-30] WARN  o.e.m.c.i.embedder.EclipseLogger - Using platform encoding (Cp1252 actually) to copy filtered resources, i.e. build is platform dependent!
2021-06-05 09:05:28,305 [Worker-30] INFO  o.e.m.c.i.embedder.EclipseLogger - Copying 6 resources
2021-06-05 09:05:28,306 [Worker-30] WARN  o.e.m.c.i.embedder.EclipseLogger - Using platform encoding (Cp1252 actually) to copy filtered resources, i.e. build is platform dependent!
2021-06-05 09:05:28,307 [Worker-30] INFO  o.e.m.c.i.embedder.EclipseLogger - skip non existing resourceDirectory D:\TERCER_CICLO_CURSOS\LENGUAJE_PROG\LPI_Semana11_inicio\LPI_Semana11\src\test\resources
2021-06-05 09:05:46,528 [Worker-27] WARN  o.e.m.c.i.embedder.EclipseLogger - Using platform encoding (Cp1252 actually) to copy filtered resources, i.e. build is platform dependent!
2021-06-05 09:05:46,529 [Worker-27] INFO  o.e.m.c.i.embedder.EclipseLogger - Copying 6 resources
2021-06-05 09:05:46,531 [Worker-27] WARN  o.e.m.c.i.embedder.EclipseLogger - Using platform encoding (Cp1252 actually) to copy filtered resources, i.e. build is platform dependent!
2021-06-05 09:05:46,531 [Worker-27] INFO  o.e.m.c.i.embedder.EclipseLogger - skip non existing resourceDirectory D:\TERCER_CICLO_CURSOS\LENGUAJE_PROG\LPI_Semana11_inicio\LPI_Semana11\src\test\resources
2021-06-05 09:06:14,066 [Worker-28] WARN  o.e.m.c.i.embedder.EclipseLogger - Using platform encoding (Cp1252 actually) to copy filtered resources, i.e. build is platform dependent!
2021-06-05 09:06:14,067 [Worker-28] INFO  o.e.m.c.i.embedder.EclipseLogger - Copying 6 resources
2021-06-05 09:06:14,069 [Worker-28] WARN  o.e.m.c.i.embedder.EclipseLogger - Using platform encoding (Cp1252 actually) to copy filtered resources, i.e. build is platform dependent!
2021-06-05 09:06:14,070 [Worker-28] INFO  o.e.m.c.i.embedder.EclipseLogger - skip non existing resourceDirectory D:\TERCER_CICLO_CURSOS\LENGUAJE_PROG\LPI_Semana11_inicio\LPI_Semana11\src\test\resources
2021-06-05 09:06:23,641 [Worker-27] WARN  o.e.m.c.i.embedder.EclipseLogger - Using platform encoding (Cp1252 actually) to copy filtered resources, i.e. build is platform dependent!
2021-06-05 09:06:23,642 [Worker-27] INFO  o.e.m.c.i.embedder.EclipseLogger - Copying 6 resources
2021-06-05 09:06:23,645 [Worker-27] WARN  o.e.m.c.i.embedder.EclipseLogger - Using platform encoding (Cp1252 actually) to copy filtered resources, i.e. build is platform dependent!
2021-06-05 09:06:23,646 [Worker-27] INFO  o.e.m.c.i.embedder.EclipseLogger - skip non existing resourceDirectory D:\TERCER_CICLO_CURSOS\LENGUAJE_PROG\LPI_Semana11_inicio\LPI_Semana11\src\test\resources
2021-06-05 09:06:29,705 [Worker-28] WARN  o.e.m.c.i.embedder.EclipseLogger - Using platform encoding (Cp1252 actually) to copy filtered resources, i.e. build is platform dependent!
2021-06-05 09:06:29,707 [Worker-28] INFO  o.e.m.c.i.embedder.EclipseLogger - Copying 6 resources
2021-06-05 09:06:29,708 [Worker-28] WARN  o.e.m.c.i.embedder.EclipseLogger - Using platform encoding (Cp1252 actually) to copy filtered resources, i.e. build is platform dependent!
2021-06-05 09:06:29,709 [Worker-28] INFO  o.e.m.c.i.embedder.EclipseLogger - skip non existing resourceDirectory D:\TERCER_CICLO_CURSOS\LENGUAJE_PROG\LPI_Semana11_inicio\LPI_Semana11\src\test\resources
2021-06-05 09:07:08,503 [Worker-28] WARN  o.e.m.c.i.embedder.EclipseLogger - Using platform encoding (Cp1252 actually) to copy filtered resources, i.e. build is platform dependent!
2021-06-05 09:07:08,505 [Worker-28] INFO  o.e.m.c.i.embedder.EclipseLogger - Copying 6 resources
2021-06-05 09:07:08,506 [Worker-28] WARN  o.e.m.c.i.embedder.EclipseLogger - Using platform encoding (Cp1252 actually) to copy filtered resources, i.e. build is platform dependent!
2021-06-05 09:07:08,507 [Worker-28] INFO  o.e.m.c.i.embedder.EclipseLogger - skip non existing resourceDirectory D:\TERCER_CICLO_CURSOS\LENGUAJE_PROG\LPI_Semana11_inicio\LPI_Semana11\src\test\resources
2021-06-05 09:10:34,745 [Worker-30] WARN  o.e.m.c.i.embedder.EclipseLogger - Using platform encoding (Cp1252 actually) to copy filtered resources, i.e. build is platform dependent!
2021-06-05 09:10:34,746 [Worker-30] INFO  o.e.m.c.i.embedder.EclipseLogger - Copying 6 resources
2021-06-05 09:10:34,748 [Worker-30] WARN  o.e.m.c.i.embedder.EclipseLogger - Using platform encoding (Cp1252 actually) to copy filtered resources, i.e. build is platform dependent!
2021-06-05 09:10:34,748 [Worker-30] INFO  o.e.m.c.i.embedder.EclipseLogger - skip non existing resourceDirectory D:\TERCER_CICLO_CURSOS\LENGUAJE_PROG\LPI_Semana11_inicio\LPI_Semana11\src\test\resources
2021-06-05 09:11:53,967 [Worker-34] WARN  o.e.m.c.i.embedder.EclipseLogger - Using platform encoding (Cp1252 actually) to copy filtered resources, i.e. build is platform dependent!
2021-06-05 09:11:53,969 [Worker-34] INFO  o.e.m.c.i.embedder.EclipseLogger - Copying 6 resources
2021-06-05 09:11:53,972 [Worker-34] WARN  o.e.m.c.i.embedder.EclipseLogger - Using platform encoding (Cp1252 actually) to copy filtered resources, i.e. build is platform dependent!
2021-06-05 09:11:53,972 [Worker-34] INFO  o.e.m.c.i.embedder.EclipseLogger - skip non existing resourceDirectory D:\TERCER_CICLO_CURSOS\LENGUAJE_PROG\LPI_Semana11_inicio\LPI_Semana11\src\test\resources
2021-06-05 09:12:30,124 [Worker-32] WARN  o.e.m.c.i.embedder.EclipseLogger - Using platform encoding (Cp1252 actually) to copy filtered resources, i.e. build is platform dependent!
2021-06-05 09:12:30,125 [Worker-32] INFO  o.e.m.c.i.embedder.EclipseLogger - Copying 6 resources
2021-06-05 09:12:30,126 [Worker-32] WARN  o.e.m.c.i.embedder.EclipseLogger - Using platform encoding (Cp1252 actually) to copy filtered resources, i.e. build is platform dependent!
2021-06-05 09:12:30,127 [Worker-32] INFO  o.e.m.c.i.embedder.EclipseLogger - skip non existing resourceDirectory D:\TERCER_CICLO_CURSOS\LENGUAJE_PROG\LPI_Semana11_inicio\LPI_Semana11\src\test\resources
2021-06-05 09:12:47,413 [Worker-33] WARN  o.e.m.c.i.embedder.EclipseLogger - Using platform encoding (Cp1252 actually) to copy filtered resources, i.e. build is platform dependent!
2021-06-05 09:12:47,416 [Worker-33] INFO  o.e.m.c.i.embedder.EclipseLogger - Copying 6 resources
2021-06-05 09:12:47,418 [Worker-33] WARN  o.e.m.c.i.embedder.EclipseLogger - Using platform encoding (Cp1252 actually) to copy filtered resources, i.e. build is platform dependent!
2021-06-05 09:12:47,419 [Worker-33] INFO  o.e.m.c.i.embedder.EclipseLogger - skip non existing resourceDirectory D:\TERCER_CICLO_CURSOS\LENGUAJE_PROG\LPI_Semana11_inicio\LPI_Semana11\src\test\resources
2021-06-05 09:12:50,622 [Worker-29] WARN  o.e.m.c.i.embedder.EclipseLogger - Using platform encoding (Cp1252 actually) to copy filtered resources, i.e. build is platform dependent!
2021-06-05 09:12:50,623 [Worker-29] INFO  o.e.m.c.i.embedder.EclipseLogger - Copying 6 resources
2021-06-05 09:12:50,625 [Worker-29] WARN  o.e.m.c.i.embedder.EclipseLogger - Using platform encoding (Cp1252 actually) to copy filtered resources, i.e. build is platform dependent!
2021-06-05 09:12:50,625 [Worker-29] INFO  o.e.m.c.i.embedder.EclipseLogger - skip non existing resourceDirectory D:\TERCER_CICLO_CURSOS\LENGUAJE_PROG\LPI_Semana11_inicio\LPI_Semana11\src\test\resources
2021-06-05 09:13:28,355 [Worker-32] WARN  o.e.m.c.i.embedder.EclipseLogger - Using platform encoding (Cp1252 actually) to copy filtered resources, i.e. build is platform dependent!
2021-06-05 09:13:28,357 [Worker-32] INFO  o.e.m.c.i.embedder.EclipseLogger - Copying 6 resources
2021-06-05 09:13:28,358 [Worker-32] WARN  o.e.m.c.i.embedder.EclipseLogger - Using platform encoding (Cp1252 actually) to copy filtered resources, i.e. build is platform dependent!
2021-06-05 09:13:28,359 [Worker-32] INFO  o.e.m.c.i.embedder.EclipseLogger - skip non existing resourceDirectory D:\TERCER_CICLO_CURSOS\LENGUAJE_PROG\LPI_Semana11_inicio\LPI_Semana11\src\test\resources
2021-06-05 09:36:27,877 [Worker-41] WARN  o.e.m.c.i.embedder.EclipseLogger - Using platform encoding (Cp1252 actually) to copy filtered resources, i.e. build is platform dependent!
2021-06-05 09:36:27,880 [Worker-41] INFO  o.e.m.c.i.embedder.EclipseLogger - Copying 0 resource
2021-06-05 09:36:27,882 [Worker-41] WARN  o.e.m.c.i.embedder.EclipseLogger - Using platform encoding (Cp1252 actually) to copy filtered resources, i.e. build is platform dependent!
2021-06-05 09:36:27,886 [Worker-41] INFO  o.e.m.c.i.embedder.EclipseLogger - skip non existing resourceDirectory D:\TERCER_CICLO_CURSOS\LENGUAJE_PROG\LPI_Semana11_inicio\LPI_Semana11\src\test\resources
2021-06-05 09:50:19,440 [Worker-48] WARN  o.e.m.c.i.embedder.EclipseLogger - Using platform encoding (Cp1252 actually) to copy filtered resources, i.e. build is platform dependent!
2021-06-05 09:50:19,441 [Worker-48] INFO  o.e.m.c.i.embedder.EclipseLogger - Copying 6 resources
2021-06-05 09:50:19,442 [Worker-48] WARN  o.e.m.c.i.embedder.EclipseLogger - Using platform encoding (Cp1252 actually) to copy filtered resources, i.e. build is platform dependent!
2021-06-05 09:50:19,443 [Worker-48] INFO  o.e.m.c.i.embedder.EclipseLogger - skip non existing resourceDirectory D:\TERCER_CICLO_CURSOS\LENGUAJE_PROG\LPI_Semana11_inicio\LPI_Semana11\src\test\resources
2021-06-05 09:53:19,032 [Worker-46] WARN  o.e.m.c.i.embedder.EclipseLogger - Using platform encoding (Cp1252 actually) to copy filtered resources, i.e. build is platform dependent!
2021-06-05 09:53:19,034 [Worker-46] INFO  o.e.m.c.i.embedder.EclipseLogger - Copying 6 resources
2021-06-05 09:53:19,035 [Worker-46] WARN  o.e.m.c.i.embedder.EclipseLogger - Using platform encoding (Cp1252 actually) to copy filtered resources, i.e. build is platform dependent!
2021-06-05 09:53:19,036 [Worker-46] INFO  o.e.m.c.i.embedder.EclipseLogger - skip non existing resourceDirectory D:\TERCER_CICLO_CURSOS\LENGUAJE_PROG\LPI_Semana11_inicio\LPI_Semana11\src\test\resources
2021-06-05 09:54:58,469 [Worker-48] WARN  o.e.m.c.i.embedder.EclipseLogger - Using platform encoding (Cp1252 actually) to copy filtered resources, i.e. build is platform dependent!
2021-06-05 09:54:58,469 [Worker-48] INFO  o.e.m.c.i.embedder.EclipseLogger - Copying 0 resource
2021-06-05 09:54:58,470 [Worker-48] WARN  o.e.m.c.i.embedder.EclipseLogger - Using platform encoding (Cp1252 actually) to copy filtered resources, i.e. build is platform dependent!
2021-06-05 09:54:58,471 [Worker-48] INFO  o.e.m.c.i.embedder.EclipseLogger - skip non existing resourceDirectory D:\TERCER_CICLO_CURSOS\LENGUAJE_PROG\LPI_Semana11_inicio\LPI_Semana11\src\test\resources
2021-06-05 09:55:03,363 [Worker-48] WARN  o.e.m.c.i.embedder.EclipseLogger - Using platform encoding (Cp1252 actually) to copy filtered resources, i.e. build is platform dependent!
2021-06-05 09:55:03,364 [Worker-48] INFO  o.e.m.c.i.embedder.EclipseLogger - Copying 0 resource
2021-06-05 09:55:03,365 [Worker-48] WARN  o.e.m.c.i.embedder.EclipseLogger - Using platform encoding (Cp1252 actually) to copy filtered resources, i.e. build is platform dependent!
2021-06-05 09:55:03,366 [Worker-48] INFO  o.e.m.c.i.embedder.EclipseLogger - skip non existing resourceDirectory D:\TERCER_CICLO_CURSOS\LENGUAJE_PROG\LPI_Semana11_inicio\LPI_Semana11\src\test\resources
2021-06-05 10:22:53,533 [Worker-63] WARN  o.e.m.c.i.embedder.EclipseLogger - Using platform encoding (Cp1252 actually) to copy filtered resources, i.e. build is platform dependent!
2021-06-05 10:22:53,534 [Worker-63] INFO  o.e.m.c.i.embedder.EclipseLogger - Copying 0 resource
2021-06-05 10:22:53,535 [Worker-63] WARN  o.e.m.c.i.embedder.EclipseLogger - Using platform encoding (Cp1252 actually) to copy filtered resources, i.e. build is platform dependent!
2021-06-05 10:22:53,535 [Worker-63] INFO  o.e.m.c.i.embedder.EclipseLogger - skip non existing resourceDirectory D:\TERCER_CICLO_CURSOS\LENGUAJE_PROG\LPI_Semana11_inicio\LPI_Semana11\src\test\resources
2021-06-05 10:27:58,191 [Worker-62] WARN  o.e.m.c.i.embedder.EclipseLogger - Using platform encoding (Cp1252 actually) to copy filtered resources, i.e. build is platform dependent!
2021-06-05 10:27:58,192 [Worker-62] INFO  o.e.m.c.i.embedder.EclipseLogger - Copying 0 resource
2021-06-05 10:27:58,195 [Worker-62] WARN  o.e.m.c.i.embedder.EclipseLogger - Using platform encoding (Cp1252 actually) to copy filtered resources, i.e. build is platform dependent!
2021-06-05 10:27:58,197 [Worker-62] INFO  o.e.m.c.i.embedder.EclipseLogger - skip non existing resourceDirectory D:\TERCER_CICLO_CURSOS\LENGUAJE_PROG\LPI_Semana11_inicio\LPI_Semana11\src\test\resources
2021-06-05 10:28:01,434 [Worker-64] WARN  o.e.m.c.i.embedder.EclipseLogger - Using platform encoding (Cp1252 actually) to copy filtered resources, i.e. build is platform dependent!
2021-06-05 10:28:01,435 [Worker-64] INFO  o.e.m.c.i.embedder.EclipseLogger - Copying 0 resource
2021-06-05 10:28:01,435 [Worker-64] WARN  o.e.m.c.i.embedder.EclipseLogger - Using platform encoding (Cp1252 actually) to copy filtered resources, i.e. build is platform dependent!
2021-06-05 10:28:01,435 [Worker-64] INFO  o.e.m.c.i.embedder.EclipseLogger - skip non existing resourceDirectory D:\TERCER_CICLO_CURSOS\LENGUAJE_PROG\LPI_Semana11_inicio\LPI_Semana11\src\test\resources
2021-06-05 12:23:29,342 [Worker-3] INFO  c.g.t.t.d.PublishedGradleVersions - Gradle version information cache is up-to-date. Trying to read.
2021-06-05 12:28:35,789 [Worker-24] WARN  o.e.m.c.i.embedder.EclipseLogger - Using platform encoding (Cp1252 actually) to copy filtered resources, i.e. build is platform dependent!
2021-06-05 12:28:35,797 [Worker-24] INFO  o.e.m.c.i.embedder.EclipseLogger - Copying 6 resources
2021-06-05 12:28:35,806 [Worker-24] WARN  o.e.m.c.i.embedder.EclipseLogger - Using platform encoding (Cp1252 actually) to copy filtered resources, i.e. build is platform dependent!
2021-06-05 12:28:35,807 [Worker-24] INFO  o.e.m.c.i.embedder.EclipseLogger - skip non existing resourceDirectory D:\TERCER_CICLO_CURSOS\LENGUAJE_PROG\LPI_Semana11\LPI_Semana11\src\test\resources
2021-06-05 12:29:07,953 [Worker-2] WARN  o.e.m.c.i.embedder.EclipseLogger - Using platform encoding (Cp1252 actually) to copy filtered resources, i.e. build is platform dependent!
2021-06-05 12:29:07,959 [Worker-2] INFO  o.e.m.c.i.embedder.EclipseLogger - Copying 6 resources
2021-06-05 12:29:07,962 [Worker-2] WARN  o.e.m.c.i.embedder.EclipseLogger - Using platform encoding (Cp1252 actually) to copy filtered resources, i.e. build is platform dependent!
2021-06-05 12:29:07,962 [Worker-2] INFO  o.e.m.c.i.embedder.EclipseLogger - skip non existing resourceDirectory D:\TERCER_CICLO_CURSOS\LENGUAJE_PROG\LPI_Semana11\LPI_Semana11\src\test\resources
2021-06-05 12:32:27,472 [Worker-23] WARN  o.e.m.c.i.embedder.EclipseLogger - Using platform encoding (Cp1252 actually) to copy filtered resources, i.e. build is platform dependent!
2021-06-05 12:32:27,473 [Worker-23] INFO  o.e.m.c.i.embedder.EclipseLogger - Copying 6 resources
2021-06-05 12:32:27,474 [Worker-23] WARN  o.e.m.c.i.embedder.EclipseLogger - Using platform encoding (Cp1252 actually) to copy filtered resources, i.e. build is platform dependent!
2021-06-05 12:32:27,475 [Worker-23] INFO  o.e.m.c.i.embedder.EclipseLogger - skip non existing resourceDirectory D:\TERCER_CICLO_CURSOS\LENGUAJE_PROG\LPI_Semana11\LPI_Semana11\src\test\resources
2021-06-05 12:33:14,509 [Worker-24] WARN  o.e.m.c.i.embedder.EclipseLogger - Using platform encoding (Cp1252 actually) to copy filtered resources, i.e. build is platform dependent!
2021-06-05 12:33:14,510 [Worker-24] INFO  o.e.m.c.i.embedder.EclipseLogger - Copying 6 resources
2021-06-05 12:33:14,511 [Worker-24] WARN  o.e.m.c.i.embedder.EclipseLogger - Using platform encoding (Cp1252 actually) to copy filtered resources, i.e. build is platform dependent!
2021-06-05 12:33:14,512 [Worker-24] INFO  o.e.m.c.i.embedder.EclipseLogger - skip non existing resourceDirectory D:\TERCER_CICLO_CURSOS\LENGUAJE_PROG\LPI_Semana11\LPI_Semana11\src\test\resources
2021-06-05 12:33:31,546 [Worker-7] WARN  o.e.m.c.i.embedder.EclipseLogger - Using platform encoding (Cp1252 actually) to copy filtered resources, i.e. build is platform dependent!
2021-06-05 12:33:31,547 [Worker-7] INFO  o.e.m.c.i.embedder.EclipseLogger - Copying 6 resources
2021-06-05 12:33:31,549 [Worker-7] WARN  o.e.m.c.i.embedder.EclipseLogger - Using platform encoding (Cp1252 actually) to copy filtered resources, i.e. build is platform dependent!
2021-06-05 12:33:31,550 [Worker-7] INFO  o.e.m.c.i.embedder.EclipseLogger - skip non existing resourceDirectory D:\TERCER_CICLO_CURSOS\LENGUAJE_PROG\LPI_Semana11\LPI_Semana11\src\test\resources
2021-06-05 12:33:55,775 [Worker-24] WARN  o.e.m.c.i.embedder.EclipseLogger - Using platform encoding (Cp1252 actually) to copy filtered resources, i.e. build is platform dependent!
2021-06-05 12:33:55,777 [Worker-24] INFO  o.e.m.c.i.embedder.EclipseLogger - Copying 6 resources
2021-06-05 12:33:55,778 [Worker-24] WARN  o.e.m.c.i.embedder.EclipseLogger - Using platform encoding (Cp1252 actually) to copy filtered resources, i.e. build is platform dependent!
2021-06-05 12:33:55,779 [Worker-24] INFO  o.e.m.c.i.embedder.EclipseLogger - skip non existing resourceDirectory D:\TERCER_CICLO_CURSOS\LENGUAJE_PROG\LPI_Semana11\LPI_Semana11\src\test\resources
2021-06-05 12:34:14,685 [Worker-24] WARN  o.e.m.c.i.embedder.EclipseLogger - Using platform encoding (Cp1252 actually) to copy filtered resources, i.e. build is platform dependent!
2021-06-05 12:34:14,686 [Worker-24] INFO  o.e.m.c.i.embedder.EclipseLogger - Copying 6 resources
2021-06-05 12:34:14,687 [Worker-24] WARN  o.e.m.c.i.embedder.EclipseLogger - Using platform encoding (Cp1252 actually) to copy filtered resources, i.e. build is platform dependent!
2021-06-05 12:34:14,688 [Worker-24] INFO  o.e.m.c.i.embedder.EclipseLogger - skip non existing resourceDirectory D:\TERCER_CICLO_CURSOS\LENGUAJE_PROG\LPI_Semana11\LPI_Semana11\src\test\resources
2021-06-05 12:35:32,423 [Worker-2] WARN  o.e.m.c.i.embedder.EclipseLogger - Using platform encoding (Cp1252 actually) to copy filtered resources, i.e. build is platform dependent!
2021-06-05 12:35:32,426 [Worker-2] INFO  o.e.m.c.i.embedder.EclipseLogger - Copying 6 resources
2021-06-05 12:35:32,431 [Worker-2] WARN  o.e.m.c.i.embedder.EclipseLogger - Using platform encoding (Cp1252 actually) to copy filtered resources, i.e. build is platform dependent!
2021-06-05 12:35:32,433 [Worker-2] INFO  o.e.m.c.i.embedder.EclipseLogger - skip non existing resourceDirectory D:\TERCER_CICLO_CURSOS\LENGUAJE_PROG\LPI_Semana11\LPI_Semana11\src\test\resources
2021-06-05 12:36:53,894 [Worker-10] WARN  o.e.r.models.ModelRepository - Failed to download org.eclipse.recommenders:index::zip:0.0.0
org.eclipse.aether.resolution.ArtifactResolutionException: Could not find artifact org.eclipse.recommenders:index:zip:0.0.0-SNAPSHOT in models (http://download.eclipse.org/recommenders/models/oxygen/)
	at org.eclipse.aether.internal.impl.DefaultArtifactResolver.resolve(DefaultArtifactResolver.java:453) ~[na:na]
	at org.eclipse.aether.internal.impl.DefaultArtifactResolver.resolveArtifacts(DefaultArtifactResolver.java:255) ~[na:na]
	at org.eclipse.aether.internal.impl.DefaultArtifactResolver.resolveArtifact(DefaultArtifactResolver.java:232) ~[na:na]
	at org.eclipse.aether.internal.impl.DefaultRepositorySystem.resolveArtifact(DefaultRepositorySystem.java:303) ~[na:na]
	at org.eclipse.recommenders.models.ModelRepository.resolveInternal(ModelRepository.java:193) [org.eclipse.recommenders.models_2.5.2.v20180401-1226.jar:na]
	at org.eclipse.recommenders.models.ModelRepository.resolve(ModelRepository.java:172) [org.eclipse.recommenders.models_2.5.2.v20180401-1226.jar:na]
	at org.eclipse.recommenders.internal.models.rcp.EclipseModelRepository.resolve(EclipseModelRepository.java:168) [org.eclipse.recommenders.models.rcp_2.5.2.v20180401-1226.jar:na]
	at org.eclipse.recommenders.internal.models.rcp.DownloadModelArchiveJob.run(DownloadModelArchiveJob.java:76) [org.eclipse.recommenders.models.rcp_2.5.2.v20180401-1226.jar:na]
	at org.eclipse.core.internal.jobs.Worker.run(Worker.java:56) [org.eclipse.core.jobs_3.9.3.v20180115-1757.jar:na]
Caused by: org.eclipse.aether.transfer.ArtifactNotFoundException: Could not find artifact org.eclipse.recommenders:index:zip:0.0.0-SNAPSHOT in models (http://download.eclipse.org/recommenders/models/oxygen/)
	at org.eclipse.aether.connector.basic.ArtifactTransportListener.transferFailed(ArtifactTransportListener.java:48) ~[org.apache.maven.resolver.connector.basic_1.0.3.v20170405-0725.jar:1.0.3]
	at org.eclipse.aether.connector.basic.BasicRepositoryConnector$TaskRunner.run(BasicRepositoryConnector.java:364) ~[org.apache.maven.resolver.connector.basic_1.0.3.v20170405-0725.jar:1.0.3]
	at org.eclipse.aether.util.concurrency.RunnableErrorForwarder$1.run(RunnableErrorForwarder.java:76) ~[na:na]
	at org.eclipse.aether.connector.basic.BasicRepositoryConnector$DirectExecutor.execute(BasicRepositoryConnector.java:590) ~[org.apache.maven.resolver.connector.basic_1.0.3.v20170405-0725.jar:1.0.3]
	at org.eclipse.aether.connector.basic.BasicRepositoryConnector.get(BasicRepositoryConnector.java:258) ~[org.apache.maven.resolver.connector.basic_1.0.3.v20170405-0725.jar:1.0.3]
	at org.eclipse.aether.internal.impl.DefaultArtifactResolver.performDownloads(DefaultArtifactResolver.java:529) ~[na:na]
	at org.eclipse.aether.internal.impl.DefaultArtifactResolver.resolve(DefaultArtifactResolver.java:430) ~[na:na]
	... 8 common frames omitted
2021-06-05 12:36:58,223 [Worker-10] WARN  o.e.m.c.i.embedder.EclipseLogger - Using platform encoding (Cp1252 actually) to copy filtered resources, i.e. build is platform dependent!
2021-06-05 12:36:58,225 [Worker-10] INFO  o.e.m.c.i.embedder.EclipseLogger - Copying 6 resources
2021-06-05 12:36:58,226 [Worker-10] WARN  o.e.m.c.i.embedder.EclipseLogger - Using platform encoding (Cp1252 actually) to copy filtered resources, i.e. build is platform dependent!
2021-06-05 12:36:58,226 [Worker-10] INFO  o.e.m.c.i.embedder.EclipseLogger - skip non existing resourceDirectory D:\TERCER_CICLO_CURSOS\LENGUAJE_PROG\LPI_Semana11\LPI_Semana11\src\test\resources
2021-06-05 12:37:01,471 [Worker-10] WARN  o.e.m.c.i.embedder.EclipseLogger - Using platform encoding (Cp1252 actually) to copy filtered resources, i.e. build is platform dependent!
2021-06-05 12:37:01,472 [Worker-10] INFO  o.e.m.c.i.embedder.EclipseLogger - Copying 6 resources
2021-06-05 12:37:01,474 [Worker-10] WARN  o.e.m.c.i.embedder.EclipseLogger - Using platform encoding (Cp1252 actually) to copy filtered resources, i.e. build is platform dependent!
2021-06-05 12:37:01,474 [Worker-10] INFO  o.e.m.c.i.embedder.EclipseLogger - skip non existing resourceDirectory D:\TERCER_CICLO_CURSOS\LENGUAJE_PROG\LPI_Semana11\LPI_Semana11\src\test\resources
2021-06-05 12:39:12,428 [Worker-23] WARN  o.e.m.c.i.embedder.EclipseLogger - Using platform encoding (Cp1252 actually) to copy filtered resources, i.e. build is platform dependent!
2021-06-05 12:39:12,430 [Worker-23] INFO  o.e.m.c.i.embedder.EclipseLogger - Copying 6 resources
2021-06-05 12:39:12,431 [Worker-23] WARN  o.e.m.c.i.embedder.EclipseLogger - Using platform encoding (Cp1252 actually) to copy filtered resources, i.e. build is platform dependent!
2021-06-05 12:39:12,431 [Worker-23] INFO  o.e.m.c.i.embedder.EclipseLogger - skip non existing resourceDirectory D:\TERCER_CICLO_CURSOS\LENGUAJE_PROG\LPI_Semana11\LPI_Semana11\src\test\resources
2021-06-05 12:39:58,083 [Worker-10] WARN  o.e.m.c.i.embedder.EclipseLogger - Using platform encoding (Cp1252 actually) to copy filtered resources, i.e. build is platform dependent!
2021-06-05 12:39:58,085 [Worker-10] INFO  o.e.m.c.i.embedder.EclipseLogger - Copying 6 resources
2021-06-05 12:39:58,087 [Worker-10] WARN  o.e.m.c.i.embedder.EclipseLogger - Using platform encoding (Cp1252 actually) to copy filtered resources, i.e. build is platform dependent!
2021-06-05 12:39:58,087 [Worker-10] INFO  o.e.m.c.i.embedder.EclipseLogger - skip non existing resourceDirectory D:\TERCER_CICLO_CURSOS\LENGUAJE_PROG\LPI_Semana11\LPI_Semana11\src\test\resources
2021-06-05 12:42:44,061 [Worker-23] WARN  o.e.m.c.i.embedder.EclipseLogger - Using platform encoding (Cp1252 actually) to copy filtered resources, i.e. build is platform dependent!
2021-06-05 12:42:44,062 [Worker-23] INFO  o.e.m.c.i.embedder.EclipseLogger - Copying 6 resources
2021-06-05 12:42:44,064 [Worker-23] WARN  o.e.m.c.i.embedder.EclipseLogger - Using platform encoding (Cp1252 actually) to copy filtered resources, i.e. build is platform dependent!
2021-06-05 12:42:44,064 [Worker-23] INFO  o.e.m.c.i.embedder.EclipseLogger - skip non existing resourceDirectory D:\TERCER_CICLO_CURSOS\LENGUAJE_PROG\LPI_Semana11\LPI_Semana11\src\test\resources
2021-06-05 12:44:08,493 [Worker-2] WARN  o.e.m.c.i.embedder.EclipseLogger - Using platform encoding (Cp1252 actually) to copy filtered resources, i.e. build is platform dependent!
2021-06-05 12:44:08,496 [Worker-2] INFO  o.e.m.c.i.embedder.EclipseLogger - Copying 6 resources
2021-06-05 12:44:08,498 [Worker-2] WARN  o.e.m.c.i.embedder.EclipseLogger - Using platform encoding (Cp1252 actually) to copy filtered resources, i.e. build is platform dependent!
2021-06-05 12:44:08,500 [Worker-2] INFO  o.e.m.c.i.embedder.EclipseLogger - skip non existing resourceDirectory D:\TERCER_CICLO_CURSOS\LENGUAJE_PROG\LPI_Semana11\LPI_Semana11\src\test\resources
2021-06-05 12:45:06,455 [Worker-23] WARN  o.e.m.c.i.embedder.EclipseLogger - Using platform encoding (Cp1252 actually) to copy filtered resources, i.e. build is platform dependent!
2021-06-05 12:45:06,457 [Worker-23] INFO  o.e.m.c.i.embedder.EclipseLogger - Copying 6 resources
2021-06-05 12:45:06,458 [Worker-23] WARN  o.e.m.c.i.embedder.EclipseLogger - Using platform encoding (Cp1252 actually) to copy filtered resources, i.e. build is platform dependent!
2021-06-05 12:45:06,458 [Worker-23] INFO  o.e.m.c.i.embedder.EclipseLogger - skip non existing resourceDirectory D:\TERCER_CICLO_CURSOS\LENGUAJE_PROG\LPI_Semana11\LPI_Semana11\src\test\resources
2021-06-05 12:45:21,818 [Worker-23] WARN  o.e.m.c.i.embedder.EclipseLogger - Using platform encoding (Cp1252 actually) to copy filtered resources, i.e. build is platform dependent!
2021-06-05 12:45:21,819 [Worker-23] INFO  o.e.m.c.i.embedder.EclipseLogger - Copying 6 resources
2021-06-05 12:45:21,821 [Worker-23] WARN  o.e.m.c.i.embedder.EclipseLogger - Using platform encoding (Cp1252 actually) to copy filtered resources, i.e. build is platform dependent!
2021-06-05 12:45:21,822 [Worker-23] INFO  o.e.m.c.i.embedder.EclipseLogger - skip non existing resourceDirectory D:\TERCER_CICLO_CURSOS\LENGUAJE_PROG\LPI_Semana11\LPI_Semana11\src\test\resources
2021-06-05 12:45:42,497 [Worker-27] WARN  o.e.m.c.i.embedder.EclipseLogger - Using platform encoding (Cp1252 actually) to copy filtered resources, i.e. build is platform dependent!
2021-06-05 12:45:42,498 [Worker-27] INFO  o.e.m.c.i.embedder.EclipseLogger - Copying 6 resources
2021-06-05 12:45:42,499 [Worker-27] WARN  o.e.m.c.i.embedder.EclipseLogger - Using platform encoding (Cp1252 actually) to copy filtered resources, i.e. build is platform dependent!
2021-06-05 12:45:42,499 [Worker-27] INFO  o.e.m.c.i.embedder.EclipseLogger - skip non existing resourceDirectory D:\TERCER_CICLO_CURSOS\LENGUAJE_PROG\LPI_Semana11\LPI_Semana11\src\test\resources
2021-06-05 12:47:47,969 [Worker-2] WARN  o.e.m.c.i.embedder.EclipseLogger - Using platform encoding (Cp1252 actually) to copy filtered resources, i.e. build is platform dependent!
2021-06-05 12:47:47,971 [Worker-2] INFO  o.e.m.c.i.embedder.EclipseLogger - Copying 6 resources
2021-06-05 12:47:47,972 [Worker-2] WARN  o.e.m.c.i.embedder.EclipseLogger - Using platform encoding (Cp1252 actually) to copy filtered resources, i.e. build is platform dependent!
2021-06-05 12:47:47,972 [Worker-2] INFO  o.e.m.c.i.embedder.EclipseLogger - skip non existing resourceDirectory D:\TERCER_CICLO_CURSOS\LENGUAJE_PROG\LPI_Semana11\LPI_Semana11\src\test\resources
2021-06-05 12:49:22,140 [Worker-27] WARN  o.e.m.c.i.embedder.EclipseLogger - Using platform encoding (Cp1252 actually) to copy filtered resources, i.e. build is platform dependent!
2021-06-05 12:49:22,141 [Worker-27] INFO  o.e.m.c.i.embedder.EclipseLogger - Copying 6 resources
2021-06-05 12:49:22,142 [Worker-27] WARN  o.e.m.c.i.embedder.EclipseLogger - Using platform encoding (Cp1252 actually) to copy filtered resources, i.e. build is platform dependent!
2021-06-05 12:49:22,142 [Worker-27] INFO  o.e.m.c.i.embedder.EclipseLogger - skip non existing resourceDirectory D:\TERCER_CICLO_CURSOS\LENGUAJE_PROG\LPI_Semana11\LPI_Semana11\src\test\resources
2021-06-05 12:50:08,541 [Worker-27] WARN  o.e.m.c.i.embedder.EclipseLogger - Using platform encoding (Cp1252 actually) to copy filtered resources, i.e. build is platform dependent!
2021-06-05 12:50:08,542 [Worker-27] INFO  o.e.m.c.i.embedder.EclipseLogger - Copying 6 resources
2021-06-05 12:50:08,543 [Worker-27] WARN  o.e.m.c.i.embedder.EclipseLogger - Using platform encoding (Cp1252 actually) to copy filtered resources, i.e. build is platform dependent!
2021-06-05 12:50:08,544 [Worker-27] INFO  o.e.m.c.i.embedder.EclipseLogger - skip non existing resourceDirectory D:\TERCER_CICLO_CURSOS\LENGUAJE_PROG\LPI_Semana11\LPI_Semana11\src\test\resources
2021-06-05 12:51:03,942 [Worker-2] WARN  o.e.m.c.i.embedder.EclipseLogger - Using platform encoding (Cp1252 actually) to copy filtered resources, i.e. build is platform dependent!
2021-06-05 12:51:03,943 [Worker-2] INFO  o.e.m.c.i.embedder.EclipseLogger - Copying 6 resources
2021-06-05 12:51:03,944 [Worker-2] WARN  o.e.m.c.i.embedder.EclipseLogger - Using platform encoding (Cp1252 actually) to copy filtered resources, i.e. build is platform dependent!
2021-06-05 12:51:03,945 [Worker-2] INFO  o.e.m.c.i.embedder.EclipseLogger - skip non existing resourceDirectory D:\TERCER_CICLO_CURSOS\LENGUAJE_PROG\LPI_Semana11\LPI_Semana11\src\test\resources
2021-06-05 12:51:32,647 [Worker-23] WARN  o.e.m.c.i.embedder.EclipseLogger - Using platform encoding (Cp1252 actually) to copy filtered resources, i.e. build is platform dependent!
2021-06-05 12:51:32,648 [Worker-23] INFO  o.e.m.c.i.embedder.EclipseLogger - Copying 6 resources
2021-06-05 12:51:32,649 [Worker-23] WARN  o.e.m.c.i.embedder.EclipseLogger - Using platform encoding (Cp1252 actually) to copy filtered resources, i.e. build is platform dependent!
2021-06-05 12:51:32,650 [Worker-23] INFO  o.e.m.c.i.embedder.EclipseLogger - skip non existing resourceDirectory D:\TERCER_CICLO_CURSOS\LENGUAJE_PROG\LPI_Semana11\LPI_Semana11\src\test\resources
2021-06-05 12:51:43,342 [Worker-7] WARN  o.e.m.c.i.embedder.EclipseLogger - Using platform encoding (Cp1252 actually) to copy filtered resources, i.e. build is platform dependent!
2021-06-05 12:51:43,344 [Worker-7] INFO  o.e.m.c.i.embedder.EclipseLogger - Copying 6 resources
2021-06-05 12:51:43,345 [Worker-7] WARN  o.e.m.c.i.embedder.EclipseLogger - Using platform encoding (Cp1252 actually) to copy filtered resources, i.e. build is platform dependent!
2021-06-05 12:51:43,345 [Worker-7] INFO  o.e.m.c.i.embedder.EclipseLogger - skip non existing resourceDirectory D:\TERCER_CICLO_CURSOS\LENGUAJE_PROG\LPI_Semana11\LPI_Semana11\src\test\resources
2021-06-05 12:52:09,906 [Worker-2] WARN  o.e.m.c.i.embedder.EclipseLogger - Using platform encoding (Cp1252 actually) to copy filtered resources, i.e. build is platform dependent!
2021-06-05 12:52:09,907 [Worker-2] INFO  o.e.m.c.i.embedder.EclipseLogger - Copying 6 resources
2021-06-05 12:52:09,908 [Worker-2] WARN  o.e.m.c.i.embedder.EclipseLogger - Using platform encoding (Cp1252 actually) to copy filtered resources, i.e. build is platform dependent!
2021-06-05 12:52:09,908 [Worker-2] INFO  o.e.m.c.i.embedder.EclipseLogger - skip non existing resourceDirectory D:\TERCER_CICLO_CURSOS\LENGUAJE_PROG\LPI_Semana11\LPI_Semana11\src\test\resources
2021-06-05 12:52:18,784 [Worker-2] WARN  o.e.m.c.i.embedder.EclipseLogger - Using platform encoding (Cp1252 actually) to copy filtered resources, i.e. build is platform dependent!
2021-06-05 12:52:18,785 [Worker-2] INFO  o.e.m.c.i.embedder.EclipseLogger - Copying 6 resources
2021-06-05 12:52:18,786 [Worker-2] WARN  o.e.m.c.i.embedder.EclipseLogger - Using platform encoding (Cp1252 actually) to copy filtered resources, i.e. build is platform dependent!
2021-06-05 12:52:18,787 [Worker-2] INFO  o.e.m.c.i.embedder.EclipseLogger - skip non existing resourceDirectory D:\TERCER_CICLO_CURSOS\LENGUAJE_PROG\LPI_Semana11\LPI_Semana11\src\test\resources
2021-06-05 12:52:27,567 [Worker-2] WARN  o.e.m.c.i.embedder.EclipseLogger - Using platform encoding (Cp1252 actually) to copy filtered resources, i.e. build is platform dependent!
2021-06-05 12:52:27,568 [Worker-2] INFO  o.e.m.c.i.embedder.EclipseLogger - Copying 6 resources
2021-06-05 12:52:27,569 [Worker-2] WARN  o.e.m.c.i.embedder.EclipseLogger - Using platform encoding (Cp1252 actually) to copy filtered resources, i.e. build is platform dependent!
2021-06-05 12:52:27,569 [Worker-2] INFO  o.e.m.c.i.embedder.EclipseLogger - skip non existing resourceDirectory D:\TERCER_CICLO_CURSOS\LENGUAJE_PROG\LPI_Semana11\LPI_Semana11\src\test\resources
2021-06-05 12:53:25,466 [Worker-2] WARN  o.e.m.c.i.embedder.EclipseLogger - Using platform encoding (Cp1252 actually) to copy filtered resources, i.e. build is platform dependent!
2021-06-05 12:53:25,467 [Worker-2] INFO  o.e.m.c.i.embedder.EclipseLogger - Copying 6 resources
2021-06-05 12:53:25,467 [Worker-2] WARN  o.e.m.c.i.embedder.EclipseLogger - Using platform encoding (Cp1252 actually) to copy filtered resources, i.e. build is platform dependent!
2021-06-05 12:53:25,467 [Worker-2] INFO  o.e.m.c.i.embedder.EclipseLogger - skip non existing resourceDirectory D:\TERCER_CICLO_CURSOS\LENGUAJE_PROG\LPI_Semana11\LPI_Semana11\src\test\resources
2021-06-05 12:53:36,292 [Worker-23] WARN  o.e.m.c.i.embedder.EclipseLogger - Using platform encoding (Cp1252 actually) to copy filtered resources, i.e. build is platform dependent!
2021-06-05 12:53:36,294 [Worker-23] INFO  o.e.m.c.i.embedder.EclipseLogger - Copying 6 resources
2021-06-05 12:53:36,295 [Worker-23] WARN  o.e.m.c.i.embedder.EclipseLogger - Using platform encoding (Cp1252 actually) to copy filtered resources, i.e. build is platform dependent!
2021-06-05 12:53:36,295 [Worker-23] INFO  o.e.m.c.i.embedder.EclipseLogger - skip non existing resourceDirectory D:\TERCER_CICLO_CURSOS\LENGUAJE_PROG\LPI_Semana11\LPI_Semana11\src\test\resources
2021-06-05 12:53:56,628 [Worker-23] WARN  o.e.m.c.i.embedder.EclipseLogger - Using platform encoding (Cp1252 actually) to copy filtered resources, i.e. build is platform dependent!
2021-06-05 12:53:56,629 [Worker-23] INFO  o.e.m.c.i.embedder.EclipseLogger - Copying 6 resources
2021-06-05 12:53:56,630 [Worker-23] WARN  o.e.m.c.i.embedder.EclipseLogger - Using platform encoding (Cp1252 actually) to copy filtered resources, i.e. build is platform dependent!
2021-06-05 12:53:56,630 [Worker-23] INFO  o.e.m.c.i.embedder.EclipseLogger - skip non existing resourceDirectory D:\TERCER_CICLO_CURSOS\LENGUAJE_PROG\LPI_Semana11\LPI_Semana11\src\test\resources
2021-06-05 12:54:47,293 [Worker-26] WARN  o.e.m.c.i.embedder.EclipseLogger - Using platform encoding (Cp1252 actually) to copy filtered resources, i.e. build is platform dependent!
2021-06-05 12:54:47,294 [Worker-26] INFO  o.e.m.c.i.embedder.EclipseLogger - Copying 6 resources
2021-06-05 12:54:47,294 [Worker-26] WARN  o.e.m.c.i.embedder.EclipseLogger - Using platform encoding (Cp1252 actually) to copy filtered resources, i.e. build is platform dependent!
2021-06-05 12:54:47,295 [Worker-26] INFO  o.e.m.c.i.embedder.EclipseLogger - skip non existing resourceDirectory D:\TERCER_CICLO_CURSOS\LENGUAJE_PROG\LPI_Semana11\LPI_Semana11\src\test\resources
2021-06-05 12:55:10,002 [Worker-2] WARN  o.e.m.c.i.embedder.EclipseLogger - Using platform encoding (Cp1252 actually) to copy filtered resources, i.e. build is platform dependent!
2021-06-05 12:55:10,004 [Worker-2] INFO  o.e.m.c.i.embedder.EclipseLogger - Copying 6 resources
2021-06-05 12:55:10,004 [Worker-2] WARN  o.e.m.c.i.embedder.EclipseLogger - Using platform encoding (Cp1252 actually) to copy filtered resources, i.e. build is platform dependent!
2021-06-05 12:55:10,005 [Worker-2] INFO  o.e.m.c.i.embedder.EclipseLogger - skip non existing resourceDirectory D:\TERCER_CICLO_CURSOS\LENGUAJE_PROG\LPI_Semana11\LPI_Semana11\src\test\resources
2021-06-05 12:55:30,916 [Worker-7] WARN  o.e.m.c.i.embedder.EclipseLogger - Using platform encoding (Cp1252 actually) to copy filtered resources, i.e. build is platform dependent!
2021-06-05 12:55:30,917 [Worker-7] INFO  o.e.m.c.i.embedder.EclipseLogger - Copying 6 resources
2021-06-05 12:55:30,918 [Worker-7] WARN  o.e.m.c.i.embedder.EclipseLogger - Using platform encoding (Cp1252 actually) to copy filtered resources, i.e. build is platform dependent!
2021-06-05 12:55:30,918 [Worker-7] INFO  o.e.m.c.i.embedder.EclipseLogger - skip non existing resourceDirectory D:\TERCER_CICLO_CURSOS\LENGUAJE_PROG\LPI_Semana11\LPI_Semana11\src\test\resources
2021-06-05 12:55:54,774 [Worker-26] WARN  o.e.m.c.i.embedder.EclipseLogger - Using platform encoding (Cp1252 actually) to copy filtered resources, i.e. build is platform dependent!
2021-06-05 12:55:54,776 [Worker-26] INFO  o.e.m.c.i.embedder.EclipseLogger - Copying 6 resources
2021-06-05 12:55:54,776 [Worker-26] WARN  o.e.m.c.i.embedder.EclipseLogger - Using platform encoding (Cp1252 actually) to copy filtered resources, i.e. build is platform dependent!
2021-06-05 12:55:54,777 [Worker-26] INFO  o.e.m.c.i.embedder.EclipseLogger - skip non existing resourceDirectory D:\TERCER_CICLO_CURSOS\LENGUAJE_PROG\LPI_Semana11\LPI_Semana11\src\test\resources
2021-06-05 12:56:09,687 [Worker-23] WARN  o.e.m.c.i.embedder.EclipseLogger - Using platform encoding (Cp1252 actually) to copy filtered resources, i.e. build is platform dependent!
2021-06-05 12:56:09,688 [Worker-23] INFO  o.e.m.c.i.embedder.EclipseLogger - Copying 6 resources
2021-06-05 12:56:09,689 [Worker-23] WARN  o.e.m.c.i.embedder.EclipseLogger - Using platform encoding (Cp1252 actually) to copy filtered resources, i.e. build is platform dependent!
2021-06-05 12:56:09,689 [Worker-23] INFO  o.e.m.c.i.embedder.EclipseLogger - skip non existing resourceDirectory D:\TERCER_CICLO_CURSOS\LENGUAJE_PROG\LPI_Semana11\LPI_Semana11\src\test\resources
2021-06-05 12:57:07,240 [Worker-27] WARN  o.e.m.c.i.embedder.EclipseLogger - Using platform encoding (Cp1252 actually) to copy filtered resources, i.e. build is platform dependent!
2021-06-05 12:57:07,241 [Worker-27] INFO  o.e.m.c.i.embedder.EclipseLogger - Copying 6 resources
2021-06-05 12:57:07,242 [Worker-27] WARN  o.e.m.c.i.embedder.EclipseLogger - Using platform encoding (Cp1252 actually) to copy filtered resources, i.e. build is platform dependent!
2021-06-05 12:57:07,242 [Worker-27] INFO  o.e.m.c.i.embedder.EclipseLogger - skip non existing resourceDirectory D:\TERCER_CICLO_CURSOS\LENGUAJE_PROG\LPI_Semana11\LPI_Semana11\src\test\resources
2021-06-05 13:05:45,561 [Worker-26] WARN  o.e.m.c.i.embedder.EclipseLogger - Using platform encoding (Cp1252 actually) to copy filtered resources, i.e. build is platform dependent!
2021-06-05 13:05:45,567 [Worker-26] INFO  o.e.m.c.i.embedder.EclipseLogger - Copying 6 resources
2021-06-05 13:05:45,571 [Worker-26] WARN  o.e.m.c.i.embedder.EclipseLogger - Using platform encoding (Cp1252 actually) to copy filtered resources, i.e. build is platform dependent!
2021-06-05 13:05:45,572 [Worker-26] INFO  o.e.m.c.i.embedder.EclipseLogger - skip non existing resourceDirectory D:\TERCER_CICLO_CURSOS\LENGUAJE_PROG\LPI_Semana11\LPI_Semana11\src\test\resources
2021-06-05 13:07:36,094 [Worker-28] WARN  o.e.m.c.i.embedder.EclipseLogger - Using platform encoding (Cp1252 actually) to copy filtered resources, i.e. build is platform dependent!
2021-06-05 13:07:36,103 [Worker-28] INFO  o.e.m.c.i.embedder.EclipseLogger - Copying 6 resources
2021-06-05 13:07:36,106 [Worker-28] WARN  o.e.m.c.i.embedder.EclipseLogger - Using platform encoding (Cp1252 actually) to copy filtered resources, i.e. build is platform dependent!
2021-06-05 13:07:36,107 [Worker-28] INFO  o.e.m.c.i.embedder.EclipseLogger - skip non existing resourceDirectory D:\TERCER_CICLO_CURSOS\LENGUAJE_PROG\LPI_Semana11\LPI_Semana11\src\test\resources
2021-06-05 13:08:00,922 [Worker-28] WARN  o.e.m.c.i.embedder.EclipseLogger - Using platform encoding (Cp1252 actually) to copy filtered resources, i.e. build is platform dependent!
2021-06-05 13:08:00,927 [Worker-28] INFO  o.e.m.c.i.embedder.EclipseLogger - Copying 6 resources
2021-06-05 13:08:00,930 [Worker-28] WARN  o.e.m.c.i.embedder.EclipseLogger - Using platform encoding (Cp1252 actually) to copy filtered resources, i.e. build is platform dependent!
2021-06-05 13:08:00,932 [Worker-28] INFO  o.e.m.c.i.embedder.EclipseLogger - skip non existing resourceDirectory D:\TERCER_CICLO_CURSOS\LENGUAJE_PROG\LPI_Semana11\LPI_Semana11\src\test\resources
2021-06-05 13:08:12,003 [Worker-27] WARN  o.e.m.c.i.embedder.EclipseLogger - Using platform encoding (Cp1252 actually) to copy filtered resources, i.e. build is platform dependent!
2021-06-05 13:08:12,018 [Worker-27] INFO  o.e.m.c.i.embedder.EclipseLogger - Copying 6 resources
2021-06-05 13:08:12,026 [Worker-27] WARN  o.e.m.c.i.embedder.EclipseLogger - Using platform encoding (Cp1252 actually) to copy filtered resources, i.e. build is platform dependent!
2021-06-05 13:08:12,028 [Worker-27] INFO  o.e.m.c.i.embedder.EclipseLogger - skip non existing resourceDirectory D:\TERCER_CICLO_CURSOS\LENGUAJE_PROG\LPI_Semana11\LPI_Semana11\src\test\resources
2021-06-05 13:08:26,538 [Worker-30] WARN  o.e.m.c.i.embedder.EclipseLogger - Using platform encoding (Cp1252 actually) to copy filtered resources, i.e. build is platform dependent!
2021-06-05 13:08:26,548 [Worker-30] INFO  o.e.m.c.i.embedder.EclipseLogger - Copying 6 resources
2021-06-05 13:08:26,554 [Worker-30] WARN  o.e.m.c.i.embedder.EclipseLogger - Using platform encoding (Cp1252 actually) to copy filtered resources, i.e. build is platform dependent!
2021-06-05 13:08:26,556 [Worker-30] INFO  o.e.m.c.i.embedder.EclipseLogger - skip non existing resourceDirectory D:\TERCER_CICLO_CURSOS\LENGUAJE_PROG\LPI_Semana11\LPI_Semana11\src\test\resources
2021-06-05 13:08:36,760 [Worker-31] WARN  o.e.m.c.i.embedder.EclipseLogger - Using platform encoding (Cp1252 actually) to copy filtered resources, i.e. build is platform dependent!
2021-06-05 13:08:36,770 [Worker-31] INFO  o.e.m.c.i.embedder.EclipseLogger - Copying 6 resources
2021-06-05 13:08:36,777 [Worker-31] WARN  o.e.m.c.i.embedder.EclipseLogger - Using platform encoding (Cp1252 actually) to copy filtered resources, i.e. build is platform dependent!
2021-06-05 13:08:36,780 [Worker-31] INFO  o.e.m.c.i.embedder.EclipseLogger - skip non existing resourceDirectory D:\TERCER_CICLO_CURSOS\LENGUAJE_PROG\LPI_Semana11\LPI_Semana11\src\test\resources
2021-06-05 13:08:48,560 [Worker-31] WARN  o.e.m.c.i.embedder.EclipseLogger - Using platform encoding (Cp1252 actually) to copy filtered resources, i.e. build is platform dependent!
2021-06-05 13:08:48,567 [Worker-31] INFO  o.e.m.c.i.embedder.EclipseLogger - Copying 6 resources
2021-06-05 13:08:48,571 [Worker-31] WARN  o.e.m.c.i.embedder.EclipseLogger - Using platform encoding (Cp1252 actually) to copy filtered resources, i.e. build is platform dependent!
2021-06-05 13:08:48,572 [Worker-31] INFO  o.e.m.c.i.embedder.EclipseLogger - skip non existing resourceDirectory D:\TERCER_CICLO_CURSOS\LENGUAJE_PROG\LPI_Semana11\LPI_Semana11\src\test\resources
2021-06-05 13:09:30,909 [Worker-29] WARN  o.e.m.c.i.embedder.EclipseLogger - Using platform encoding (Cp1252 actually) to copy filtered resources, i.e. build is platform dependent!
2021-06-05 13:09:30,918 [Worker-29] INFO  o.e.m.c.i.embedder.EclipseLogger - Copying 6 resources
2021-06-05 13:09:30,923 [Worker-29] WARN  o.e.m.c.i.embedder.EclipseLogger - Using platform encoding (Cp1252 actually) to copy filtered resources, i.e. build is platform dependent!
2021-06-05 13:09:30,924 [Worker-29] INFO  o.e.m.c.i.embedder.EclipseLogger - skip non existing resourceDirectory D:\TERCER_CICLO_CURSOS\LENGUAJE_PROG\LPI_Semana11\LPI_Semana11\src\test\resources
2021-06-05 13:12:01,850 [Worker-29] WARN  o.e.m.c.i.embedder.EclipseLogger - Using platform encoding (Cp1252 actually) to copy filtered resources, i.e. build is platform dependent!
2021-06-05 13:12:01,855 [Worker-29] INFO  o.e.m.c.i.embedder.EclipseLogger - Copying 6 resources
2021-06-05 13:12:01,857 [Worker-29] WARN  o.e.m.c.i.embedder.EclipseLogger - Using platform encoding (Cp1252 actually) to copy filtered resources, i.e. build is platform dependent!
2021-06-05 13:12:01,858 [Worker-29] INFO  o.e.m.c.i.embedder.EclipseLogger - skip non existing resourceDirectory D:\TERCER_CICLO_CURSOS\LENGUAJE_PROG\LPI_Semana11\LPI_Semana11\src\test\resources
2021-06-05 13:12:14,046 [Worker-26] WARN  o.e.m.c.i.embedder.EclipseLogger - Using platform encoding (Cp1252 actually) to copy filtered resources, i.e. build is platform dependent!
2021-06-05 13:12:14,054 [Worker-26] INFO  o.e.m.c.i.embedder.EclipseLogger - Copying 6 resources
2021-06-05 13:12:14,059 [Worker-26] WARN  o.e.m.c.i.embedder.EclipseLogger - Using platform encoding (Cp1252 actually) to copy filtered resources, i.e. build is platform dependent!
2021-06-05 13:12:14,060 [Worker-26] INFO  o.e.m.c.i.embedder.EclipseLogger - skip non existing resourceDirectory D:\TERCER_CICLO_CURSOS\LENGUAJE_PROG\LPI_Semana11\LPI_Semana11\src\test\resources
2021-06-05 13:12:30,761 [Worker-26] WARN  o.e.m.c.i.embedder.EclipseLogger - Using platform encoding (Cp1252 actually) to copy filtered resources, i.e. build is platform dependent!
2021-06-05 13:12:30,766 [Worker-26] INFO  o.e.m.c.i.embedder.EclipseLogger - Copying 6 resources
2021-06-05 13:12:30,769 [Worker-26] WARN  o.e.m.c.i.embedder.EclipseLogger - Using platform encoding (Cp1252 actually) to copy filtered resources, i.e. build is platform dependent!
2021-06-05 13:12:30,770 [Worker-26] INFO  o.e.m.c.i.embedder.EclipseLogger - skip non existing resourceDirectory D:\TERCER_CICLO_CURSOS\LENGUAJE_PROG\LPI_Semana11\LPI_Semana11\src\test\resources
2021-06-05 13:12:52,717 [Worker-29] WARN  o.e.m.c.i.embedder.EclipseLogger - Using platform encoding (Cp1252 actually) to copy filtered resources, i.e. build is platform dependent!
2021-06-05 13:12:52,726 [Worker-29] INFO  o.e.m.c.i.embedder.EclipseLogger - Copying 6 resources
2021-06-05 13:12:52,730 [Worker-29] WARN  o.e.m.c.i.embedder.EclipseLogger - Using platform encoding (Cp1252 actually) to copy filtered resources, i.e. build is platform dependent!
2021-06-05 13:12:52,731 [Worker-29] INFO  o.e.m.c.i.embedder.EclipseLogger - skip non existing resourceDirectory D:\TERCER_CICLO_CURSOS\LENGUAJE_PROG\LPI_Semana11\LPI_Semana11\src\test\resources
2021-06-05 13:13:14,089 [Worker-27] WARN  o.e.m.c.i.embedder.EclipseLogger - Using platform encoding (Cp1252 actually) to copy filtered resources, i.e. build is platform dependent!
2021-06-05 13:13:14,095 [Worker-27] INFO  o.e.m.c.i.embedder.EclipseLogger - Copying 6 resources
2021-06-05 13:13:14,096 [Worker-27] WARN  o.e.m.c.i.embedder.EclipseLogger - Using platform encoding (Cp1252 actually) to copy filtered resources, i.e. build is platform dependent!
2021-06-05 13:13:14,097 [Worker-27] INFO  o.e.m.c.i.embedder.EclipseLogger - skip non existing resourceDirectory D:\TERCER_CICLO_CURSOS\LENGUAJE_PROG\LPI_Semana11\LPI_Semana11\src\test\resources
2021-06-05 13:15:36,429 [Worker-31] WARN  o.e.m.c.i.embedder.EclipseLogger - Using platform encoding (Cp1252 actually) to copy filtered resources, i.e. build is platform dependent!
2021-06-05 13:15:36,433 [Worker-31] INFO  o.e.m.c.i.embedder.EclipseLogger - Copying 6 resources
2021-06-05 13:15:36,437 [Worker-31] WARN  o.e.m.c.i.embedder.EclipseLogger - Using platform encoding (Cp1252 actually) to copy filtered resources, i.e. build is platform dependent!
2021-06-05 13:15:36,437 [Worker-31] INFO  o.e.m.c.i.embedder.EclipseLogger - skip non existing resourceDirectory D:\TERCER_CICLO_CURSOS\LENGUAJE_PROG\LPI_Semana11\LPI_Semana11\src\test\resources
2021-06-05 13:17:04,830 [Worker-26] WARN  o.e.m.c.i.embedder.EclipseLogger - Using platform encoding (Cp1252 actually) to copy filtered resources, i.e. build is platform dependent!
2021-06-05 13:17:04,845 [Worker-26] INFO  o.e.m.c.i.embedder.EclipseLogger - Copying 6 resources
2021-06-05 13:17:04,852 [Worker-26] WARN  o.e.m.c.i.embedder.EclipseLogger - Using platform encoding (Cp1252 actually) to copy filtered resources, i.e. build is platform dependent!
2021-06-05 13:17:04,854 [Worker-26] INFO  o.e.m.c.i.embedder.EclipseLogger - skip non existing resourceDirectory D:\TERCER_CICLO_CURSOS\LENGUAJE_PROG\LPI_Semana11\LPI_Semana11\src\test\resources
2021-06-05 13:17:48,443 [Worker-30] WARN  o.e.m.c.i.embedder.EclipseLogger - Using platform encoding (Cp1252 actually) to copy filtered resources, i.e. build is platform dependent!
2021-06-05 13:17:48,448 [Worker-30] INFO  o.e.m.c.i.embedder.EclipseLogger - Copying 6 resources
2021-06-05 13:17:48,450 [Worker-30] WARN  o.e.m.c.i.embedder.EclipseLogger - Using platform encoding (Cp1252 actually) to copy filtered resources, i.e. build is platform dependent!
2021-06-05 13:17:48,451 [Worker-30] INFO  o.e.m.c.i.embedder.EclipseLogger - skip non existing resourceDirectory D:\TERCER_CICLO_CURSOS\LENGUAJE_PROG\LPI_Semana11\LPI_Semana11\src\test\resources
2021-06-05 13:18:53,356 [Worker-26] WARN  o.e.m.c.i.embedder.EclipseLogger - Using platform encoding (Cp1252 actually) to copy filtered resources, i.e. build is platform dependent!
2021-06-05 13:18:53,374 [Worker-26] INFO  o.e.m.c.i.embedder.EclipseLogger - Copying 6 resources
2021-06-05 13:18:53,381 [Worker-26] WARN  o.e.m.c.i.embedder.EclipseLogger - Using platform encoding (Cp1252 actually) to copy filtered resources, i.e. build is platform dependent!
2021-06-05 13:18:53,383 [Worker-26] INFO  o.e.m.c.i.embedder.EclipseLogger - skip non existing resourceDirectory D:\TERCER_CICLO_CURSOS\LENGUAJE_PROG\LPI_Semana11\LPI_Semana11\src\test\resources
2021-06-05 13:19:21,657 [Worker-30] WARN  o.e.m.c.i.embedder.EclipseLogger - Using platform encoding (Cp1252 actually) to copy filtered resources, i.e. build is platform dependent!
2021-06-05 13:19:21,666 [Worker-30] INFO  o.e.m.c.i.embedder.EclipseLogger - Copying 6 resources
2021-06-05 13:19:21,671 [Worker-30] WARN  o.e.m.c.i.embedder.EclipseLogger - Using platform encoding (Cp1252 actually) to copy filtered resources, i.e. build is platform dependent!
2021-06-05 13:19:21,672 [Worker-30] INFO  o.e.m.c.i.embedder.EclipseLogger - skip non existing resourceDirectory D:\TERCER_CICLO_CURSOS\LENGUAJE_PROG\LPI_Semana11\LPI_Semana11\src\test\resources
2021-06-05 13:19:34,399 [Worker-30] WARN  o.e.m.c.i.embedder.EclipseLogger - Using platform encoding (Cp1252 actually) to copy filtered resources, i.e. build is platform dependent!
2021-06-05 13:19:34,404 [Worker-30] INFO  o.e.m.c.i.embedder.EclipseLogger - Copying 6 resources
2021-06-05 13:19:34,407 [Worker-30] WARN  o.e.m.c.i.embedder.EclipseLogger - Using platform encoding (Cp1252 actually) to copy filtered resources, i.e. build is platform dependent!
2021-06-05 13:19:34,407 [Worker-30] INFO  o.e.m.c.i.embedder.EclipseLogger - skip non existing resourceDirectory D:\TERCER_CICLO_CURSOS\LENGUAJE_PROG\LPI_Semana11\LPI_Semana11\src\test\resources
2021-06-05 13:22:13,292 [Worker-26] WARN  o.e.m.c.i.embedder.EclipseLogger - Using platform encoding (Cp1252 actually) to copy filtered resources, i.e. build is platform dependent!
2021-06-05 13:22:13,331 [Worker-26] INFO  o.e.m.c.i.embedder.EclipseLogger - Copying 0 resource
2021-06-05 13:22:13,334 [Worker-26] WARN  o.e.m.c.i.embedder.EclipseLogger - Using platform encoding (Cp1252 actually) to copy filtered resources, i.e. build is platform dependent!
2021-06-05 13:22:13,337 [Worker-26] INFO  o.e.m.c.i.embedder.EclipseLogger - skip non existing resourceDirectory D:\TERCER_CICLO_CURSOS\LENGUAJE_PROG\LPI_Semana11\LPI_Semana11\src\test\resources
2021-06-05 13:22:25,151 [Worker-31] WARN  o.e.m.c.i.embedder.EclipseLogger - Using platform encoding (Cp1252 actually) to copy filtered resources, i.e. build is platform dependent!
2021-06-05 13:22:25,161 [Worker-31] INFO  o.e.m.c.i.embedder.EclipseLogger - Copying 6 resources
2021-06-05 13:22:25,166 [Worker-31] WARN  o.e.m.c.i.embedder.EclipseLogger - Using platform encoding (Cp1252 actually) to copy filtered resources, i.e. build is platform dependent!
2021-06-05 13:22:25,167 [Worker-31] INFO  o.e.m.c.i.embedder.EclipseLogger - skip non existing resourceDirectory D:\TERCER_CICLO_CURSOS\LENGUAJE_PROG\LPI_Semana11\LPI_Semana11\src\test\resources
2021-06-05 13:23:13,714 [Worker-31] WARN  o.e.m.c.i.embedder.EclipseLogger - Using platform encoding (Cp1252 actually) to copy filtered resources, i.e. build is platform dependent!
2021-06-05 13:23:13,719 [Worker-31] INFO  o.e.m.c.i.embedder.EclipseLogger - Copying 6 resources
2021-06-05 13:23:13,723 [Worker-31] WARN  o.e.m.c.i.embedder.EclipseLogger - Using platform encoding (Cp1252 actually) to copy filtered resources, i.e. build is platform dependent!
2021-06-05 13:23:13,723 [Worker-31] INFO  o.e.m.c.i.embedder.EclipseLogger - skip non existing resourceDirectory D:\TERCER_CICLO_CURSOS\LENGUAJE_PROG\LPI_Semana11\LPI_Semana11\src\test\resources
2021-06-05 13:29:02,187 [Worker-32] WARN  o.e.m.c.i.embedder.EclipseLogger - Using platform encoding (Cp1252 actually) to copy filtered resources, i.e. build is platform dependent!
2021-06-05 13:29:02,195 [Worker-32] INFO  o.e.m.c.i.embedder.EclipseLogger - Copying 6 resources
2021-06-05 13:29:02,199 [Worker-32] WARN  o.e.m.c.i.embedder.EclipseLogger - Using platform encoding (Cp1252 actually) to copy filtered resources, i.e. build is platform dependent!
2021-06-05 13:29:02,200 [Worker-32] INFO  o.e.m.c.i.embedder.EclipseLogger - skip non existing resourceDirectory D:\TERCER_CICLO_CURSOS\LENGUAJE_PROG\LPI_Semana11\LPI_Semana11\src\test\resources
2021-06-05 13:29:30,095 [Worker-34] WARN  o.e.m.c.i.embedder.EclipseLogger - Using platform encoding (Cp1252 actually) to copy filtered resources, i.e. build is platform dependent!
2021-06-05 13:29:30,105 [Worker-34] INFO  o.e.m.c.i.embedder.EclipseLogger - Copying 6 resources
2021-06-05 13:29:30,110 [Worker-34] WARN  o.e.m.c.i.embedder.EclipseLogger - Using platform encoding (Cp1252 actually) to copy filtered resources, i.e. build is platform dependent!
2021-06-05 13:29:30,111 [Worker-34] INFO  o.e.m.c.i.embedder.EclipseLogger - skip non existing resourceDirectory D:\TERCER_CICLO_CURSOS\LENGUAJE_PROG\LPI_Semana11\LPI_Semana11\src\test\resources
